[debug] [2021-01-18T10:18:44.259Z] ----------------------------------------------------------------------
[debug] [2021-01-18T10:18:44.264Z] Command:       C:\Program Files\nodejs\node.exe C:\Users\Divyansh Chaudhary\AppData\Roaming\npm\node_modules\firebase-tools\lib\bin\firebase.js init
[debug] [2021-01-18T10:18:44.264Z] CLI Version:   9.2.0
[debug] [2021-01-18T10:18:44.264Z] Platform:      win32
[debug] [2021-01-18T10:18:44.265Z] Node Version:  v14.15.4
[debug] [2021-01-18T10:18:44.347Z] Time:          Mon Jan 18 2021 02:18:44 GMT-0800 (Pacific Standard Time)
[debug] [2021-01-18T10:18:44.347Z] ----------------------------------------------------------------------
[debug] [2021-01-18T10:18:44.347Z] 
[debug] [2021-01-18T10:18:44.366Z] >>> [apiv2][query] GET https://firebase-public.firebaseio.com/cli.json [none]
[debug] [2021-01-18T10:18:44.428Z] > command requires scopes: ["email","openid","https://www.googleapis.com/auth/cloudplatformprojects.readonly","https://www.googleapis.com/auth/firebase","https://www.googleapis.com/auth/cloud-platform"]
[debug] [2021-01-18T10:18:44.429Z] > authorizing via signed-in user
[info] 
     ######## #### ########  ######## ########     ###     ######  ########
     ##        ##  ##     ## ##       ##     ##  ##   ##  ##       ##
     ######    ##  ########  ######   ########  #########  ######  ######
     ##        ##  ##    ##  ##       ##     ## ##     ##       ## ##
     ##       #### ##     ## ######## ########  ##     ##  ######  ########

You're about to initialize a Firebase project in this directory:

  C:\newapp

Before we get started, keep in mind:

  * You are currently outside your home directory

[debug] [2021-01-18T10:18:46.127Z] <<< [apiv2][status] GET https://firebase-public.firebaseio.com/cli.json 200
[debug] [2021-01-18T10:18:46.127Z] <<< [apiv2][body] GET https://firebase-public.firebaseio.com/cli.json {"cloudBuildErrorAfter":1594252800000,"cloudBuildWarnAfter":1590019200000,"defaultNode10After":1594252800000,"minVersion":"3.0.5","node8DeploysDisabledAfter":1613390400000,"node8RuntimeDisabledAfter":1615809600000,"node8WarnAfter":1600128000000}
[info] 
=== Project Setup
[info] 
[info] First, let's associate this project directory with a Firebase project.
[info] You can create multiple project aliases by running firebase use --add, 
[info] but for now we'll just set up a default project.
[info] 
[debug] [2021-01-18T10:19:13.944Z] > refreshing access token with scopes: []
[debug] [2021-01-18T10:19:13.945Z] >>> HTTP REQUEST POST https://www.googleapis.com/oauth2/v3/token  
 <request body omitted>
[debug] [2021-01-18T10:19:14.373Z] <<< HTTP RESPONSE 200 {"cache-control":"no-cache, no-store, max-age=0, must-revalidate","pragma":"no-cache","date":"Mon, 18 Jan 2021 10:19:15 GMT","expires":"Mon, 01 Jan 1990 00:00:00 GMT","content-type":"application/json; charset=utf-8","vary":"X-Origin, Referer, Origin,Accept-Encoding","server":"scaffolding on HTTPServer2","x-xss-protection":"0","x-frame-options":"SAMEORIGIN","x-content-type-options":"nosniff","alt-svc":"h3-29=\":443\"; ma=2592000,h3-T051=\":443\"; ma=2592000,h3-Q050=\":443\"; ma=2592000,h3-Q046=\":443\"; ma=2592000,h3-Q043=\":443\"; ma=2592000,quic=\":443\"; ma=2592000; v=\"46,43\"","accept-ranges":"none","transfer-encoding":"chunked"}
[debug] [2021-01-18T10:19:14.399Z] >>> [apiv2][query] GET https://firebase.googleapis.com/v1beta1/projects pageSize=100
[debug] [2021-01-18T10:19:15.694Z] <<< [apiv2][status] GET https://firebase.googleapis.com/v1beta1/projects 200
[debug] [2021-01-18T10:19:15.694Z] <<< [apiv2][body] GET https://firebase.googleapis.com/v1beta1/projects [omitted]
